[2025-12-21 18:30:22] ==========================================
[2025-12-21 18:30:22] Magic Tree AutoStart Iniciando...
[2025-12-21 18:30:22] ==========================================
[2025-12-21 18:30:22] Esperando 10 segundos para que el sistema se estabilice...
[2025-12-21 18:30:32] FASE 1: Esperando Display...
[2025-12-21 18:30:32] ✓ Display disponible: DISPLAY=:0, WAYLAND=wayland-0
[2025-12-21 18:30:32] FASE 2: Esperando Audio...
[2025-12-21 18:30:32] ✓ PulseAudio disponible
[2025-12-21 18:30:32] FASE 3: Iniciando experiencia con ventana de log...
[2025-12-21 18:30:33] ==========================================
[2025-12-21 18:30:33] Ejecutando run_test.sh...
[2025-12-21 18:30:33] ==========================================
Starting Magic Tree Test Mode with X11 backend...
Environment configured:
GDK_BACKEND=x11
QT_QPA_PLATFORM=xcb
SDL_VIDEODRIVER=x11

Loading environment variables from .env...

--- Setting up Live Preview ---
========================================
Setting up v4l2loopback for live preview
========================================
✓ v4l2loopback module already loaded
✓ Preview device /dev/video10 exists
Setting permissions...
✓ Permissions set (read/write for all users)

========================================
✓ Live preview setup complete!
Camera: /dev/video0 (physical)
Preview: /dev/video10 (virtual)
========================================
--- Initializing Messaging Server ---
Installing Node.js dependencies...

up to date, audited 303 packages in 2s

31 packages are looking for funding
run `npm fund` for details

found 0 vulnerabilities
Freeing port 3000 if in use...
3000/tcp:             7330
Starting WhatsApp Server (Background)...
Messaging Server PID: 9443
Waiting 10 seconds for server to initialize...
Logging execution to: logs/run_test_20251221_183046.txt
/home/magicctree/Desktop/Magic-Tree/venv/lib/python3.13/site-packages/pygame/pkgdata.py:25: UserWarning: pkg_resources is deprecated as an API. See https://setuptools.pypa.io/en/latest/pkg_resources.html. The pkg_resources package is slated for removal as early as 2025-11-30. Refrain from using this package or pin to Setuptools<81.
from pkg_resources import resource_stream, resource_exists
pygame 2.6.1 (SDL 2.28.4, Python 3.13.5)
Hello from the pygame community. https://www.pygame.org/contribute.html
2025-12-21 18:30:50,391 - INFO - ============================================================
2025-12-21 18:30:50,392 - INFO - MODO DE PRUEBA - Árbol Encantado
2025-12-21 18:30:50,392 - INFO - Experiencia completa SIN sensor de puerta
2025-12-21 18:30:50,393 - INFO - ============================================================
2025-12-21 18:30:50,393 - INFO - Running in MOCK MODE - GPIO disabled
2025-12-21 18:30:50,445 - INFO - Initializing persistent window: EnchantedTree
ALSA lib pcm_asym.c:105:(_snd_pcm_asym_open) capture slave is not defined
ALSA lib confmisc.c:1377:(snd_func_refer) Unable to find definition 'cards.0.pcm.front.0:CARD=0'
ALSA lib conf.c:5205:(_snd_config_evaluate) function snd_func_refer returned error: No such file or directory
ALSA lib conf.c:5728:(snd_config_expand) Evaluate error: No such file or directory
ALSA lib pcm.c:2722:(snd_pcm_open_noupdate) Unknown PCM front
ALSA lib pcm.c:2722:(snd_pcm_open_noupdate) Unknown PCM cards.pcm.rear
ALSA lib pcm.c:2722:(snd_pcm_open_noupdate) Unknown PCM cards.pcm.center_lfe
ALSA lib pcm.c:2722:(snd_pcm_open_noupdate) Unknown PCM cards.pcm.side
ALSA lib confmisc.c:1377:(snd_func_refer) Unable to find definition 'cards.0.pcm.surround51.0:CARD=0'
ALSA lib conf.c:5205:(_snd_config_evaluate) function snd_func_refer returned error: No such file or directory
ALSA lib conf.c:5728:(snd_config_expand) Evaluate error: No such file or directory
ALSA lib pcm.c:2722:(snd_pcm_open_noupdate) Unknown PCM surround21
ALSA lib confmisc.c:1377:(snd_func_refer) Unable to find definition 'cards.0.pcm.surround51.0:CARD=0'
ALSA lib conf.c:5205:(_snd_config_evaluate) function snd_func_refer returned error: No such file or directory
ALSA lib conf.c:5728:(snd_config_expand) Evaluate error: No such file or directory
ALSA lib pcm.c:2722:(snd_pcm_open_noupdate) Unknown PCM surround21
ALSA lib confmisc.c:1377:(snd_func_refer) Unable to find definition 'cards.0.pcm.surround40.0:CARD=0'
ALSA lib conf.c:5205:(_snd_config_evaluate) function snd_func_refer returned error: No such file or directory
ALSA lib conf.c:5728:(snd_config_expand) Evaluate error: No such file or directory
ALSA lib pcm.c:2722:(snd_pcm_open_noupdate) Unknown PCM surround40
ALSA lib confmisc.c:1377:(snd_func_refer) Unable to find definition 'cards.0.pcm.surround51.0:CARD=0'
ALSA lib conf.c:5205:(_snd_config_evaluate) function snd_func_refer returned error: No such file or directory
ALSA lib conf.c:5728:(snd_config_expand) Evaluate error: No such file or directory
ALSA lib pcm.c:2722:(snd_pcm_open_noupdate) Unknown PCM surround41
ALSA lib confmisc.c:1377:(snd_func_refer) Unable to find definition 'cards.0.pcm.surround51.0:CARD=0'
ALSA lib conf.c:5205:(_snd_config_evaluate) function snd_func_refer returned error: No such file or directory
ALSA lib conf.c:5728:(snd_config_expand) Evaluate error: No such file or directory
ALSA lib pcm.c:2722:(snd_pcm_open_noupdate) Unknown PCM surround50
ALSA lib confmisc.c:1377:(snd_func_refer) Unable to find definition 'cards.0.pcm.surround51.0:CARD=0'
ALSA lib conf.c:5205:(_snd_config_evaluate) function snd_func_refer returned error: No such file or directory
ALSA lib conf.c:5728:(snd_config_expand) Evaluate error: No such file or directory
ALSA lib pcm.c:2722:(snd_pcm_open_noupdate) Unknown PCM surround51
ALSA lib confmisc.c:1377:(snd_func_refer) Unable to find definition 'cards.0.pcm.surround71.0:CARD=0'
ALSA lib conf.c:5205:(_snd_config_evaluate) function snd_func_refer returned error: No such file or directory
ALSA lib conf.c:5728:(snd_config_expand) Evaluate error: No such file or directory
ALSA lib pcm.c:2722:(snd_pcm_open_noupdate) Unknown PCM surround71
ALSA lib confmisc.c:1377:(snd_func_refer) Unable to find definition 'cards.0.pcm.iec958.0:CARD=0,AES0=4,AES1=130,AES2=0,AES3=2'
ALSA lib conf.c:5205:(_snd_config_evaluate) function snd_func_refer returned error: No such file or directory
ALSA lib conf.c:5728:(snd_config_expand) Evaluate error: No such file or directory
ALSA lib pcm.c:2722:(snd_pcm_open_noupdate) Unknown PCM iec958
ALSA lib confmisc.c:1377:(snd_func_refer) Unable to find definition 'cards.0.pcm.iec958.0:CARD=0,AES0=4,AES1=130,AES2=0,AES3=2'
ALSA lib conf.c:5205:(_snd_config_evaluate) function snd_func_refer returned error: No such file or directory
ALSA lib conf.c:5728:(snd_config_expand) Evaluate error: No such file or directory
ALSA lib pcm.c:2722:(snd_pcm_open_noupdate) Unknown PCM spdif
ALSA lib confmisc.c:1377:(snd_func_refer) Unable to find definition 'cards.0.pcm.iec958.0:CARD=0,AES0=4,AES1=130,AES2=0,AES3=2'
ALSA lib conf.c:5205:(_snd_config_evaluate) function snd_func_refer returned error: No such file or directory
ALSA lib conf.c:5728:(snd_config_expand) Evaluate error: No such file or directory
ALSA lib pcm.c:2722:(snd_pcm_open_noupdate) Unknown PCM spdif
ALSA lib pcm.c:2722:(snd_pcm_open_noupdate) Unknown PCM cards.pcm.modem
ALSA lib pcm.c:2722:(snd_pcm_open_noupdate) Unknown PCM cards.pcm.modem
ALSA lib pcm.c:2722:(snd_pcm_open_noupdate) Unknown PCM cards.pcm.phoneline
ALSA lib pcm.c:2722:(snd_pcm_open_noupdate) Unknown PCM cards.pcm.phoneline
Cannot connect to server socket err = No such file or directory
Cannot connect to server request channel
jack server is not running or cannot be started
JackShmReadWritePtr::~JackShmReadWritePtr - Init not done for -1, skipping unlock
JackShmReadWritePtr::~JackShmReadWritePtr - Init not done for -1, skipping unlock
Cannot connect to server socket err = No such file or directory
Cannot connect to server request channel
jack server is not running or cannot be started
JackShmReadWritePtr::~JackShmReadWritePtr - Init not done for -1, skipping unlock
JackShmReadWritePtr::~JackShmReadWritePtr - Init not done for -1, skipping unlock
ALSA lib pcm_oss.c:404:(_snd_pcm_oss_open) Cannot open device /dev/dsp
ALSA lib pcm_oss.c:404:(_snd_pcm_oss_open) Cannot open device /dev/dsp
ALSA lib pcm_a52.c:1036:(_snd_pcm_a52_open) a52 is only for playback
ALSA lib confmisc.c:1377:(snd_func_refer) Unable to find definition 'cards.0.pcm.iec958.0:CARD=0,AES0=6,AES1=130,AES2=0,AES3=2'
ALSA lib conf.c:5205:(_snd_config_evaluate) function snd_func_refer returned error: No such file or directory
ALSA lib conf.c:5728:(snd_config_expand) Evaluate error: No such file or directory
ALSA lib pcm.c:2722:(snd_pcm_open_noupdate) Unknown PCM iec958:{AES0 0x6 AES1 0x82 AES2 0x0 AES3 0x2 CARD 0}
ALSA lib confmisc.c:160:(snd_config_get_card) Invalid field card
ALSA lib pcm_usb_stream.c:481:(_snd_pcm_usb_stream_open) Invalid card 'card'
ALSA lib confmisc.c:160:(snd_config_get_card) Invalid field card
ALSA lib pcm_usb_stream.c:481:(_snd_pcm_usb_stream_open) Invalid card 'card'
ALSA lib pcm_direct.c:1257:(snd1_pcm_direct_initialize_slave) requested or auto-format is not available
ALSA lib pcm_dmix.c:1012:(snd_pcm_dmix_open) unable to initialize slave
Cannot connect to server socket err = No such file or directory
Cannot connect to server request channel
jack server is not running or cannot be started
JackShmReadWritePtr::~JackShmReadWritePtr - Init not done for -1, skipping unlock
JackShmReadWritePtr::~JackShmReadWritePtr - Init not done for -1, skipping unlock
2025-12-21 18:30:51,356 - INFO - Loading Vosk model from /home/magicctree/Desktop/Magic-Tree/model/vosk-model-small-es-0.42...
LOG (VoskAPI:ReadDataFiles():model.cc:213) Decoding params beam=11 max-active=4000 lattice-beam=4
LOG (VoskAPI:ReadDataFiles():model.cc:216) Silence phones 1:2:3:4:5:6:7:8:9:10
LOG (VoskAPI:RemoveOrphanNodes():nnet-nnet.cc:948) Removed 0 orphan nodes.
LOG (VoskAPI:RemoveOrphanComponents():nnet-nnet.cc:847) Removing 0 orphan components.
LOG (VoskAPI:ReadDataFiles():model.cc:248) Loading i-vector extractor from /home/magicctree/Desktop/Magic-Tree/model/vosk-model-small-es-0.42/ivector/final.ie
LOG (VoskAPI:ComputeDerivedVars():ivector-extractor.cc:183) Computing derived variables for iVector extractor
LOG (VoskAPI:ComputeDerivedVars():ivector-extractor.cc:204) Done.
LOG (VoskAPI:ReadDataFiles():model.cc:282) Loading HCL and G from /home/magicctree/Desktop/Magic-Tree/model/vosk-model-small-es-0.42/graph/HCLr.fst /home/magicctree/Desktop/Magic-Tree/model/vosk-model-small-es-0.42/graph/Gr.fst
LOG (VoskAPI:ReadDataFiles():model.cc:308) Loading winfo /home/magicctree/Desktop/Magic-Tree/model/vosk-model-small-es-0.42/graph/phones/word_boundary.int
2025-12-21 18:30:52,496 - INFO - Vosk model loaded successfully.
2025-12-21 18:30:52,496 - INFO - Sistema listo.
2025-12-21 18:30:52,496 - INFO -
En este modo:
2025-12-21 18:30:52,496 - INFO - ✓ La cámara se activará normalmente
2025-12-21 18:30:52,496 - INFO - ✓ El audio y detección de voz funcionan
2025-12-21 18:30:52,496 - INFO - ✓ Los videos se reproducen
2025-12-21 18:30:52,496 - INFO - ✗ El sensor de puerta está deshabilitado (presiona Enter)
2025-12-21 18:30:52,496 - INFO -
2025-12-21 18:30:52,496 - INFO - Waiting for activation (Enter on Keypad/Window, 'Feliz Navidad', or Door Sensor)...
2025-12-21 18:30:52,496 - INFO - Entering Standby Mode (Video/Image Loop)...
2025-12-21 18:30:52,496 - INFO - Background music stopped.
2025-12-21 18:30:52,497 - INFO - Listening for keyword 'feliz navidad' (Local Vosk)...
2025-12-21 18:30:52,497 - INFO - Playing video: /home/magicctree/Desktop/Magic-Tree/assets/standby.mp4
[h264_v4l2m2m @ 0x7ffdf0061b00] Could not find a valid device
[h264_v4l2m2m @ 0x7ffdf0061b00] can't configure decoder
[00007ffdf0058940] avcodec decoder error: cannot start codec (h264_v4l2m2m)
[00007ffe0018fdd0] wl_xdg_shell window: <<< WL XDG: 1280x720 fs 1 standalone 0
[00007ffe2c0095a0] wl_dmabuf vout display: <<< Open: I420 1280x738(1280x720 @ 0,0 0/0), cfg.display: 1280x720, source: 1280x738(1280x720 @ 0,0 1/1), scale=0/0
Stopping Messaging Server (PID 9443)...
[2025-12-21 18:31:00] Script finalizado.
