[2025-12-22 19:41:56] ==========================================
[2025-12-22 19:41:56] Magic Tree AutoStart Iniciando...
[2025-12-22 19:41:56] ==========================================
[2025-12-22 19:41:56] Esperando 10 segundos para que el sistema se estabilice...
[2025-12-22 19:42:06] FASE 1: Esperando Display...
[2025-12-22 19:42:06] ✓ Display disponible: DISPLAY=:0, WAYLAND=wayland-0
[2025-12-22 19:42:06] FASE 2: Esperando Audio...
[2025-12-22 19:42:06] ✓ PulseAudio disponible
[2025-12-22 19:42:06] FASE 3: Iniciando experiencia con ventana de log...
[2025-12-22 19:42:07] ==========================================
[2025-12-22 19:42:07] Ejecutando run_test.sh...
[2025-12-22 19:42:07] ==========================================
Starting Magic Tree Test Mode with X11 backend...
Environment configured:
GDK_BACKEND=x11
QT_QPA_PLATFORM=xcb
SDL_VIDEODRIVER=x11

Loading environment variables from .env...

--- Setting up Live Preview ---
========================================
Setting up v4l2loopback for live preview
========================================
Loading v4l2loopback module...
✓ Preview device /dev/video10 exists
Setting permissions...
✓ Permissions set (read/write for all users)

========================================
✓ Live preview setup complete!
Camera: /dev/video0 (physical)
Preview: /dev/video10 (virtual)
========================================
--- Initializing Messaging Server ---
Installing Node.js dependencies...

up to date, audited 303 packages in 4s

31 packages are looking for funding
run `npm fund` for details

found 0 vulnerabilities
Freeing port 3000 if in use...
Starting WhatsApp Server (Background)...
Messaging Server PID: 2031
Waiting 10 seconds for server to initialize...
/home/magicctree/Desktop/Magic-Tree/run_test.sh: line 69:  2031 Killed                  node server.js > ../messaging_server.log 2>&1  (wd: ~/Desktop/Magic-Tree/messaging)
ERROR: Messaging Server died immediately!
--- Server Log (Last 20 lines) ---
Using system Chromium: /usr/bin/chromium

>>> Messaging Server running on http://localhost:3000
>>> Initializing WhatsApp Client...
----------------------------------
Please check messaging_server.log for details.
[2025-12-22 19:42:22] Script finalizado.
