[2025-12-25 18:51:11] ==========================================
[2025-12-25 18:51:11] Magic Tree AutoStart Iniciando...
[2025-12-25 18:51:11] ==========================================
[2025-12-25 18:51:11] Esperando 20 segundos para que el sistema se estabilice...
[2025-12-25 18:51:31] FASE 1: Esperando Display...
[2025-12-25 18:51:31] ✓ Display disponible: DISPLAY=:0, WAYLAND=wayland-0
[2025-12-25 18:51:31] FASE 1.5: Esperando conectividad de red...
[2025-12-25 18:51:31]   Esperando red... (1/30)
[2025-12-25 18:51:32]   Esperando red... (2/30)
[2025-12-25 18:51:33]   Esperando red... (3/30)
[2025-12-25 18:51:34]   Esperando red... (4/30)
[2025-12-25 18:51:35]   Esperando red... (5/30)
[2025-12-25 18:51:36]   Esperando red... (6/30)
[2025-12-25 18:51:37]   Esperando red... (7/30)
[2025-12-25 18:51:38]   Esperando red... (8/30)
[2025-12-25 18:51:39]   Esperando red... (9/30)
[2025-12-25 18:51:40]   Esperando red... (10/30)
[2025-12-25 18:51:41]   Esperando red... (11/30)
[2025-12-25 18:51:42]   Esperando red... (12/30)
[2025-12-25 18:51:43]   Esperando red... (13/30)
[2025-12-25 18:51:44]   Esperando red... (14/30)
[2025-12-25 18:51:45]   Esperando red... (15/30)
[2025-12-25 18:51:46]   Esperando red... (16/30)
[2025-12-25 18:51:47]   Esperando red... (17/30)
[2025-12-25 18:51:48]   Esperando red... (18/30)
[2025-12-25 18:51:49]   Esperando red... (19/30)
[2025-12-25 18:51:50]   Esperando red... (20/30)
[2025-12-25 18:51:51]   Esperando red... (21/30)
[2025-12-25 18:51:52]   Esperando red... (22/30)
[2025-12-25 18:51:53]   Esperando red... (23/30)
[2025-12-25 18:51:54]   Esperando red... (24/30)
[2025-12-25 18:51:55]   Esperando red... (25/30)
[2025-12-25 18:51:56]   Esperando red... (26/30)
[2025-12-25 18:51:57]   Esperando red... (27/30)
[2025-12-25 18:51:58]   Esperando red... (28/30)
[2025-12-25 18:51:59]   Esperando red... (29/30)
[2025-12-25 18:52:00]   Esperando red... (30/30)
[2025-12-25 18:52:01] ⚠ ADVERTENCIA: Red puede no estar disponible (continuando de todos modos)
[2025-12-25 18:52:01] FASE 2: Esperando Audio...
[2025-12-25 18:52:01] ✓ PulseAudio disponible
[2025-12-25 18:52:01] FASE 3: Iniciando experiencia con ventana de log...
[2025-12-25 18:52:02] ==========================================
[2025-12-25 18:52:02] Ejecutando run_test.sh...
[2025-12-25 18:52:02] ==========================================
Working directory: /home/magicctree/Desktop/Magic-Tree
Starting Magic Tree Test Mode with X11 backend...
Environment configured:
GDK_BACKEND=x11
QT_QPA_PLATFORM=xcb
SDL_VIDEODRIVER=x11

Loading environment variables from .env...

--- Setting up Live Preview ---
========================================
Setting up v4l2loopback for live preview
========================================
Loading v4l2loopback module...
✓ Preview device /dev/video10 exists
Setting permissions...
✓ Permissions set (read/write for all users)

========================================
✓ Live preview setup complete!
Camera: /dev/video0 (physical)
Preview: /dev/video10 (virtual)
========================================
--- Initializing Messaging Server ---
Installing Node.js dependencies...

up to date in 3s

31 packages are looking for funding
run `npm fund` for details
Freeing port 3000 if in use...
Starting WhatsApp Server (Background)...
Messaging Server PID: 2073
Waiting 10 seconds for server to initialize...
Logging execution to: logs/run_test_20251225_185216.txt
/home/magicctree/Desktop/Magic-Tree/venv/lib/python3.13/site-packages/pygame/pkgdata.py:25: UserWarning: pkg_resources is deprecated as an API. See https://setuptools.pypa.io/en/latest/pkg_resources.html. The pkg_resources package is slated for removal as early as 2025-11-30. Refrain from using this package or pin to Setuptools<81.
from pkg_resources import resource_stream, resource_exists
pygame 2.6.1 (SDL 2.28.4, Python 3.13.5)
Hello from the pygame community. https://www.pygame.org/contribute.html
2025-12-25 18:52:20,182 - INFO - ============================================================
2025-12-25 18:52:20,182 - INFO - MODO DE PRUEBA - Árbol Encantado
2025-12-25 18:52:20,182 - INFO - Experiencia completa SIN sensor de puerta
2025-12-25 18:52:20,183 - INFO - ============================================================
2025-12-25 18:52:20,183 - INFO - Running in MOCK MODE - GPIO disabled
2025-12-25 18:52:20,273 - INFO - Initializing persistent window: EnchantedTree
ALSA lib pcm_asym.c:105:(_snd_pcm_asym_open) capture slave is not defined
ALSA lib confmisc.c:1377:(snd_func_refer) Unable to find definition 'cards.0.pcm.front.0:CARD=0'
ALSA lib conf.c:5205:(_snd_config_evaluate) function snd_func_refer returned error: No such file or directory
ALSA lib conf.c:5728:(snd_config_expand) Evaluate error: No such file or directory
ALSA lib pcm.c:2722:(snd_pcm_open_noupdate) Unknown PCM front
ALSA lib pcm.c:2722:(snd_pcm_open_noupdate) Unknown PCM cards.pcm.rear
ALSA lib pcm.c:2722:(snd_pcm_open_noupdate) Unknown PCM cards.pcm.center_lfe
ALSA lib pcm.c:2722:(snd_pcm_open_noupdate) Unknown PCM cards.pcm.side
ALSA lib confmisc.c:1377:(snd_func_refer) Unable to find definition 'cards.0.pcm.surround51.0:CARD=0'
ALSA lib conf.c:5205:(_snd_config_evaluate) function snd_func_refer returned error: No such file or directory
ALSA lib conf.c:5728:(snd_config_expand) Evaluate error: No such file or directory
ALSA lib pcm.c:2722:(snd_pcm_open_noupdate) Unknown PCM surround21
ALSA lib confmisc.c:1377:(snd_func_refer) Unable to find definition 'cards.0.pcm.surround51.0:CARD=0'
ALSA lib conf.c:5205:(_snd_config_evaluate) function snd_func_refer returned error: No such file or directory
ALSA lib conf.c:5728:(snd_config_expand) Evaluate error: No such file or directory
ALSA lib pcm.c:2722:(snd_pcm_open_noupdate) Unknown PCM surround21
ALSA lib confmisc.c:1377:(snd_func_refer) Unable to find definition 'cards.0.pcm.surround40.0:CARD=0'
ALSA lib conf.c:5205:(_snd_config_evaluate) function snd_func_refer returned error: No such file or directory
ALSA lib conf.c:5728:(snd_config_expand) Evaluate error: No such file or directory
ALSA lib pcm.c:2722:(snd_pcm_open_noupdate) Unknown PCM surround40
ALSA lib confmisc.c:1377:(snd_func_refer) Unable to find definition 'cards.0.pcm.surround51.0:CARD=0'
ALSA lib conf.c:5205:(_snd_config_evaluate) function snd_func_refer returned error: No such file or directory
ALSA lib conf.c:5728:(snd_config_expand) Evaluate error: No such file or directory
ALSA lib pcm.c:2722:(snd_pcm_open_noupdate) Unknown PCM surround41
ALSA lib confmisc.c:1377:(snd_func_refer) Unable to find definition 'cards.0.pcm.surround51.0:CARD=0'
ALSA lib conf.c:5205:(_snd_config_evaluate) function snd_func_refer returned error: No such file or directory
ALSA lib conf.c:5728:(snd_config_expand) Evaluate error: No such file or directory
ALSA lib pcm.c:2722:(snd_pcm_open_noupdate) Unknown PCM surround50
ALSA lib confmisc.c:1377:(snd_func_refer) Unable to find definition 'cards.0.pcm.surround51.0:CARD=0'
ALSA lib conf.c:5205:(_snd_config_evaluate) function snd_func_refer returned error: No such file or directory
ALSA lib conf.c:5728:(snd_config_expand) Evaluate error: No such file or directory
ALSA lib pcm.c:2722:(snd_pcm_open_noupdate) Unknown PCM surround51
ALSA lib confmisc.c:1377:(snd_func_refer) Unable to find definition 'cards.0.pcm.surround71.0:CARD=0'
ALSA lib conf.c:5205:(_snd_config_evaluate) function snd_func_refer returned error: No such file or directory
ALSA lib conf.c:5728:(snd_config_expand) Evaluate error: No such file or directory
ALSA lib pcm.c:2722:(snd_pcm_open_noupdate) Unknown PCM surround71
ALSA lib confmisc.c:1377:(snd_func_refer) Unable to find definition 'cards.0.pcm.iec958.0:CARD=0,AES0=4,AES1=130,AES2=0,AES3=2'
ALSA lib conf.c:5205:(_snd_config_evaluate) function snd_func_refer returned error: No such file or directory
ALSA lib conf.c:5728:(snd_config_expand) Evaluate error: No such file or directory
ALSA lib pcm.c:2722:(snd_pcm_open_noupdate) Unknown PCM iec958
ALSA lib confmisc.c:1377:(snd_func_refer) Unable to find definition 'cards.0.pcm.iec958.0:CARD=0,AES0=4,AES1=130,AES2=0,AES3=2'
ALSA lib conf.c:5205:(_snd_config_evaluate) function snd_func_refer returned error: No such file or directory
ALSA lib conf.c:5728:(snd_config_expand) Evaluate error: No such file or directory
ALSA lib pcm.c:2722:(snd_pcm_open_noupdate) Unknown PCM spdif
ALSA lib confmisc.c:1377:(snd_func_refer) Unable to find definition 'cards.0.pcm.iec958.0:CARD=0,AES0=4,AES1=130,AES2=0,AES3=2'
ALSA lib conf.c:5205:(_snd_config_evaluate) function snd_func_refer returned error: No such file or directory
ALSA lib conf.c:5728:(snd_config_expand) Evaluate error: No such file or directory
ALSA lib pcm.c:2722:(snd_pcm_open_noupdate) Unknown PCM spdif
ALSA lib pcm.c:2722:(snd_pcm_open_noupdate) Unknown PCM cards.pcm.modem
ALSA lib pcm.c:2722:(snd_pcm_open_noupdate) Unknown PCM cards.pcm.modem
ALSA lib pcm.c:2722:(snd_pcm_open_noupdate) Unknown PCM cards.pcm.phoneline
ALSA lib pcm.c:2722:(snd_pcm_open_noupdate) Unknown PCM cards.pcm.phoneline
Cannot connect to server socket err = No such file or directory
Cannot connect to server request channel
jack server is not running or cannot be started
JackShmReadWritePtr::~JackShmReadWritePtr - Init not done for -1, skipping unlock
JackShmReadWritePtr::~JackShmReadWritePtr - Init not done for -1, skipping unlock
Cannot connect to server socket err = No such file or directory
Cannot connect to server request channel
jack server is not running or cannot be started
JackShmReadWritePtr::~JackShmReadWritePtr - Init not done for -1, skipping unlock
JackShmReadWritePtr::~JackShmReadWritePtr - Init not done for -1, skipping unlock
ALSA lib pcm_oss.c:404:(_snd_pcm_oss_open) Cannot open device /dev/dsp
ALSA lib pcm_oss.c:404:(_snd_pcm_oss_open) Cannot open device /dev/dsp
ALSA lib pcm_a52.c:1036:(_snd_pcm_a52_open) a52 is only for playback
ALSA lib confmisc.c:1377:(snd_func_refer) Unable to find definition 'cards.0.pcm.iec958.0:CARD=0,AES0=6,AES1=130,AES2=0,AES3=2'
ALSA lib conf.c:5205:(_snd_config_evaluate) function snd_func_refer returned error: No such file or directory
ALSA lib conf.c:5728:(snd_config_expand) Evaluate error: No such file or directory
ALSA lib pcm.c:2722:(snd_pcm_open_noupdate) Unknown PCM iec958:{AES0 0x6 AES1 0x82 AES2 0x0 AES3 0x2 CARD 0}
ALSA lib confmisc.c:160:(snd_config_get_card) Invalid field card
ALSA lib pcm_usb_stream.c:481:(_snd_pcm_usb_stream_open) Invalid card 'card'
ALSA lib confmisc.c:160:(snd_config_get_card) Invalid field card
ALSA lib pcm_usb_stream.c:481:(_snd_pcm_usb_stream_open) Invalid card 'card'
ALSA lib pcm_direct.c:1257:(snd1_pcm_direct_initialize_slave) requested or auto-format is not available
ALSA lib pcm_dmix.c:1012:(snd_pcm_dmix_open) unable to initialize slave
Cannot connect to server socket err = No such file or directory
Cannot connect to server request channel
jack server is not running or cannot be started
JackShmReadWritePtr::~JackShmReadWritePtr - Init not done for -1, skipping unlock
JackShmReadWritePtr::~JackShmReadWritePtr - Init not done for -1, skipping unlock
2025-12-25 18:52:22,582 - INFO - Loading Vosk model from /home/magicctree/Desktop/Magic-Tree/model/vosk-model-small-es-0.42...
LOG (VoskAPI:ReadDataFiles():model.cc:213) Decoding params beam=11 max-active=4000 lattice-beam=4
LOG (VoskAPI:ReadDataFiles():model.cc:216) Silence phones 1:2:3:4:5:6:7:8:9:10
LOG (VoskAPI:RemoveOrphanNodes():nnet-nnet.cc:948) Removed 0 orphan nodes.
LOG (VoskAPI:RemoveOrphanComponents():nnet-nnet.cc:847) Removing 0 orphan components.
LOG (VoskAPI:ReadDataFiles():model.cc:248) Loading i-vector extractor from /home/magicctree/Desktop/Magic-Tree/model/vosk-model-small-es-0.42/ivector/final.ie
LOG (VoskAPI:ComputeDerivedVars():ivector-extractor.cc:183) Computing derived variables for iVector extractor
LOG (VoskAPI:ComputeDerivedVars():ivector-extractor.cc:204) Done.
LOG (VoskAPI:ReadDataFiles():model.cc:282) Loading HCL and G from /home/magicctree/Desktop/Magic-Tree/model/vosk-model-small-es-0.42/graph/HCLr.fst /home/magicctree/Desktop/Magic-Tree/model/vosk-model-small-es-0.42/graph/Gr.fst
LOG (VoskAPI:ReadDataFiles():model.cc:308) Loading winfo /home/magicctree/Desktop/Magic-Tree/model/vosk-model-small-es-0.42/graph/phones/word_boundary.int
2025-12-25 18:52:23,616 - INFO - Vosk model loaded successfully.
2025-12-25 18:52:23,616 - INFO - Sistema listo.
2025-12-25 18:52:23,616 - INFO -
En este modo:
2025-12-25 18:52:23,616 - INFO - ✓ La cámara se activará normalmente
2025-12-25 18:52:23,616 - INFO - ✓ El audio y detección de voz funcionan
2025-12-25 18:52:23,616 - INFO - ✓ Los videos se reproducen
2025-12-25 18:52:23,616 - INFO - ✗ El sensor de puerta está deshabilitado (presiona Enter)
2025-12-25 18:52:23,616 - INFO -
2025-12-25 18:52:23,616 - INFO - Waiting for activation (Enter on Keypad/Window, 'Feliz Navidad', or Door Sensor)...
2025-12-25 18:52:23,616 - INFO - Entering Standby Mode (Video/Image Loop)...
2025-12-25 18:52:23,616 - INFO - Background music stopped.
2025-12-25 18:52:23,616 - INFO - Listening for keyword 'feliz navidad' (Local Vosk)...
2025-12-25 18:52:23,623 - INFO - Playing video: /home/magicctree/Desktop/Magic-Tree/assets/standby.mp4
[h264_v4l2m2m @ 0x7fff20062cb0] Could not find a valid device
[h264_v4l2m2m @ 0x7fff20062cb0] can't configure decoder
[00007fff20068a70] avcodec decoder error: cannot start codec (h264_v4l2m2m)
[00007ffee8006390] mmal_xsplitter vout display: Try drm
[00007ffee80d2cb0] drm_vout generic: <<< OpenDrmVout: I420 1280x738(1280x720 @ 0,0 0/0) or 0, cfg.display: 1280x720, source: 1280x738(1280x720 @ 0,0 1/1) or 0
[00007ffee80d2cb0] drm_vout generic error: create_lease failed: Xerror 2
[00007ffee80d2cb0] drm_vout generic error: Failed to get xlease
[00007ffee80d2cb0] drm_vout generic error: Failed to set atomic cap
[00007ffee80d2cb0] drm_vout generic: <<< OpenDrmVout: I420 1280x738(1280x720 @ 0,0 0/0) or 0, cfg.display: 1280x720, source: 1280x738(1280x720 @ 0,0 1/1) or 0
[00007ffee80d2cb0] drm_vout generic error: create_lease failed: Xerror 2
[00007ffee80d2cb0] drm_vout generic error: Failed to get xlease
[00007ffee80d2cb0] drm_vout generic error: Failed to set atomic cap
[00007ffee8006390] mmal_xsplitter vout display: Drm no go
2025-12-25 18:52:32,254 - INFO - Video playback finished
2025-12-25 18:52:32,387 - INFO - Standby: Showing image, monitoring for 480s (Trigger/Face)...
2025-12-25 18:52:32,388 - INFO - Monitoring standby for 480 seconds (Face Detection Active)...
2025-12-25 18:52:39,813 - INFO - Keyword 'feliz navidad' detected!
2025-12-25 18:52:39,819 - INFO - Keyword listener stopped.
2025-12-25 18:52:40,122 - INFO - Standby interrupted by user action!
2025-12-25 18:52:40,123 - INFO - Iniciando experiencia...
2025-12-25 18:52:40,123 - INFO - Pre-initializing phone system components...
2025-12-25 18:52:40,145 - INFO - Loading Vosk model from /home/magicctree/Desktop/Magic-Tree/model/vosk-model-small-es-0.42...
LOG (VoskAPI:ReadDataFiles():model.cc:213) Decoding params beam=11 max-active=4000 lattice-beam=4
LOG (VoskAPI:ReadDataFiles():model.cc:216) Silence phones 1:2:3:4:5:6:7:8:9:10
LOG (VoskAPI:RemoveOrphanNodes():nnet-nnet.cc:948) Removed 0 orphan nodes.
LOG (VoskAPI:RemoveOrphanComponents():nnet-nnet.cc:847) Removing 0 orphan components.
LOG (VoskAPI:ReadDataFiles():model.cc:248) Loading i-vector extractor from /home/magicctree/Desktop/Magic-Tree/model/vosk-model-small-es-0.42/ivector/final.ie
LOG (VoskAPI:ComputeDerivedVars():ivector-extractor.cc:183) Computing derived variables for iVector extractor
LOG (VoskAPI:ComputeDerivedVars():ivector-extractor.cc:204) Done.
LOG (VoskAPI:ReadDataFiles():model.cc:282) Loading HCL and G from /home/magicctree/Desktop/Magic-Tree/model/vosk-model-small-es-0.42/graph/HCLr.fst /home/magicctree/Desktop/Magic-Tree/model/vosk-model-small-es-0.42/graph/Gr.fst
LOG (VoskAPI:ReadDataFiles():model.cc:308) Loading winfo /home/magicctree/Desktop/Magic-Tree/model/vosk-model-small-es-0.42/graph/phones/word_boundary.int
2025-12-25 18:52:40,560 - INFO - Vosk model loaded.
2025-12-25 18:52:40,560 - INFO - Phone system pre-initialized.
2025-12-25 18:52:40,560 - INFO - ==================================================
2025-12-25 18:52:40,561 - INFO - STEP 2: Playing intro video...
2025-12-25 18:52:40,561 - INFO - ==================================================
2025-12-25 18:52:40,561 - INFO - Playing video: /home/magicctree/Desktop/Magic-Tree/assets/intro.mp4
[00007fff3c01c200] mmal_xsplitter vout display: Try drm
[00007fff3c0b82f0] drm_vout generic: <<< OpenDrmVout: I420 1280x738(1280x720 @ 0,0 0/0) or 0, cfg.display: 1280x720, source: 1280x738(1280x720 @ 0,0 1/1) or 0
[00007fff3c0b82f0] drm_vout generic error: create_lease failed: Xerror 2
[00007fff3c0b82f0] drm_vout generic error: Failed to get xlease
[00007fff3c0b82f0] drm_vout generic error: Failed to set atomic cap
[00007fff3c0b82f0] drm_vout generic: <<< OpenDrmVout: I420 1280x738(1280x720 @ 0,0 0/0) or 0, cfg.display: 1280x720, source: 1280x738(1280x720 @ 0,0 1/1) or 0
[00007fff3c0b82f0] drm_vout generic error: create_lease failed: Xerror 2
[00007fff3c0b82f0] drm_vout generic error: Failed to get xlease
[00007fff3c0b82f0] drm_vout generic error: Failed to set atomic cap
[00007fff3c01c200] mmal_xsplitter vout display: Drm no go
2025-12-25 18:52:49,141 - INFO - Video playback finished
2025-12-25 18:52:49,141 - INFO - Playing second intro video...
2025-12-25 18:52:49,142 - INFO - Video no encontrado (skipping): /home/magicctree/Desktop/Magic-Tree/assets/intro_2.mp4
2025-12-25 18:52:49,142 - INFO - ==================================================
2025-12-25 18:52:49,142 - INFO - STEP 3: Starting camera recording (20s)...
2025-12-25 18:52:49,142 - INFO - Recording will stop automatically after 20 seconds.
2025-12-25 18:52:49,142 - INFO - ==================================================
2025-12-25 18:52:49,142 - INFO - Starting FFMPEG recording with LIVE PREVIEW to /home/magicctree/Desktop/Magic-Tree/recordings/user_video_1766706769.mp4
2025-12-25 18:52:49,142 - INFO - Using video device: /dev/video0
2025-12-25 18:52:49,142 - INFO - FFmpeg Command: ffmpeg -y -f v4l2 -video_size 1280x720 -framerate 30 -input_format mjpeg -i /dev/video0 -f pulse -ac 1 -i default -t 20 -filter_complex [0:v]transpose=1,split=2[rec][prev] -map [rec] -map 1:a -c:v libx264 -preset ultrafast -crf 25 -c:a aac -b:a 128k -pix_fmt yuv420p -movflags +faststart /home/magicctree/Desktop/Magic-Tree/recordings/user_video_1766706769.mp4 -map [prev] -f v4l2 -pix_fmt yuv420p /dev/video10
2025-12-25 18:52:50,643 - INFO - Attempting to open preview device (attempt 1/5)...
2025-12-25 18:52:50,929 - INFO - Preview device opened successfully! Frame shape: (1280, 720, 3)
2025-12-25 18:53:10,686 - INFO - FFmpeg terminated
2025-12-25 18:53:10,686 - INFO - Recording finished.
2025-12-25 18:53:10,687 - INFO - ==================================================
2025-12-25 18:53:10,687 - INFO - STEP 4: Asking for phone number...
2025-12-25 18:53:10,687 - INFO - ==================================================
2025-12-25 18:53:10,687 - INFO - Playing video: /home/magicctree/Desktop/Magic-Tree/assets/ask_phone.mp4
[00007fff3001c200] mmal_xsplitter vout display: Try drm
[00007fff300b5930] drm_vout generic: <<< OpenDrmVout: I420 1280x738(1280x720 @ 0,0 0/0) or 0, cfg.display: 1280x720, source: 1280x738(1280x720 @ 0,0 1/1) or 0
[00007fff300b5930] drm_vout generic error: create_lease failed: Xerror 2
[00007fff300b5930] drm_vout generic error: Failed to get xlease
[00007fff300b5930] drm_vout generic error: Failed to set atomic cap
[00007fff300b5930] drm_vout generic: <<< OpenDrmVout: I420 1280x738(1280x720 @ 0,0 0/0) or 0, cfg.display: 1280x720, source: 1280x738(1280x720 @ 0,0 1/1) or 0
[00007fff300b5930] drm_vout generic error: create_lease failed: Xerror 2
[00007fff300b5930] drm_vout generic error: Failed to get xlease
[00007fff300b5930] drm_vout generic error: Failed to set atomic cap
[00007fff3001c200] mmal_xsplitter vout display: Drm no go
2025-12-25 18:53:19,181 - INFO - Video playback finished
2025-12-25 18:53:19,681 - INFO - ==================================================
2025-12-25 18:53:19,682 - INFO - STEP 5: Starting continuous phone dictation...
2025-12-25 18:53:19,682 - INFO - ==================================================
2025-12-25 18:53:19,682 - INFO - ==================================================
2025-12-25 18:53:19,682 - INFO - STEP 5: Starting continuous phone dictation (Vosk)...
2025-12-25 18:53:19,682 - INFO - ==================================================
2025-12-25 18:53:19,682 - WARNING - Music file not found: /home/magicctree/Desktop/Magic-Tree/assets/background_music.mp3
2025-12-25 18:53:19,682 - INFO - Audio worker started (Vosk)
2025-12-25 18:53:19,683 - INFO - PhoneDisplay started on main thread
2025-12-25 18:53:19,683 - INFO - Loading Christmas background from /home/magicctree/Desktop/Magic-Tree/assets/christmas_bg.png
2025-12-25 18:53:19,711 - INFO - PhoneInputSystem: Listening...
2025-12-25 18:53:19,749 - INFO - Starting PhoneDisplay render loop
2025-12-25 18:53:23,916 - INFO - Heard: por favor y pepinillos depende
2025-12-25 18:53:26,433 - INFO - Heard: perez
2025-12-25 18:53:31,047 - INFO - Heard: tres
2025-12-25 18:53:34,639 - INFO - Heard: sin cuento
2025-12-25 18:53:39,504 - INFO - Heard: cincuenta
2025-12-25 18:53:43,089 - INFO - Heard: dos seis siete
2025-12-25 18:53:46,926 - INFO - Heard: ocho tres
2025-12-25 18:53:50,007 - INFO - Heard: sesenta
2025-12-25 18:53:50,007 - INFO - 10 digits reached: 3502678360. Verifying...
2025-12-25 18:53:53,090 - INFO - Heard: confirmar
2025-12-25 18:53:53,090 - INFO - CONFIRMED!
2025-12-25 18:53:53,320 - INFO - Audio worker finished. Result: 3502678360
2025-12-25 18:53:53,342 - INFO - PhoneDisplay loop ended
2025-12-25 18:53:53,354 - INFO - Number captured and confirmed: 3502678360
2025-12-25 18:53:53,354 - INFO - Background music stopped.
2025-12-25 18:53:53,355 - INFO - Merging intro video with user recording...
2025-12-25 18:54:04,248 - INFO - Video merge successful: /home/magicctree/Desktop/Magic-Tree/recordings/user_video_1766706769_merged.mp4
2025-12-25 18:54:04,249 - INFO - Using video for sending: /home/magicctree/Desktop/Magic-Tree/recordings/user_video_1766706769_merged.mp4
2025-12-25 18:54:04,249 - INFO - Preparing to send welcome message to 3502678360 via Local Server...
2025-12-25 18:54:04,249 - INFO - Target Phone Number: 573502678360
2025-12-25 18:54:04,249 - INFO - Message sending started in background...
2025-12-25 18:54:04,250 - INFO - Metadata saved to /home/magicctree/Desktop/Magic-Tree/recordings/user_video_1766706769.json
2025-12-25 18:54:04,250 - INFO - STEP 8: Playing goodbye video...
2025-12-25 18:54:04,250 - INFO - Goodbye video not found, skipping.
2025-12-25 18:54:04,262 - INFO -
============================================================
2025-12-25 18:54:04,262 - INFO - EXPERIENCIA COMPLETADA
2025-12-25 18:54:04,262 - INFO - ============================================================
2025-12-25 18:54:04,262 - INFO - Presiona Ctrl+C para salir o Enter para repetir (ESC para salir en ventana)...
2025-12-25 18:54:04,292 - ERROR - Server Error 503: {"success":false,"error":"WhatsApp Client is not ready yet. Please wait a moment."}
2025-12-25 18:54:06,296 - INFO - Waiting for activation (Enter on Keypad/Window, 'Feliz Navidad', or Door Sensor)...
2025-12-25 18:54:06,296 - INFO - Entering Standby Mode (Video/Image Loop)...
2025-12-25 18:54:06,296 - INFO - Background music stopped.
2025-12-25 18:54:06,296 - INFO - Listening for keyword 'feliz navidad' (Local Vosk)...
2025-12-25 18:54:06,296 - INFO - Playing video: /home/magicctree/Desktop/Magic-Tree/assets/standby.mp4
[00007ffed41d38c0] mmal_xsplitter vout display: Try drm
[00007ffed4161c40] drm_vout generic: <<< OpenDrmVout: I420 1280x738(1280x720 @ 0,0 0/0) or 0, cfg.display: 1280x720, source: 1280x738(1280x720 @ 0,0 1/1) or 0
[00007ffed4161c40] drm_vout generic error: create_lease failed: Xerror 2
[00007ffed4161c40] drm_vout generic error: Failed to get xlease
[00007ffed4161c40] drm_vout generic error: Failed to set atomic cap
[00007ffed4161c40] drm_vout generic: <<< OpenDrmVout: I420 1280x738(1280x720 @ 0,0 0/0) or 0, cfg.display: 1280x720, source: 1280x738(1280x720 @ 0,0 1/1) or 0
[00007ffed4161c40] drm_vout generic error: create_lease failed: Xerror 2
[00007ffed4161c40] drm_vout generic error: Failed to get xlease
[00007ffed4161c40] drm_vout generic error: Failed to set atomic cap
[00007ffed41d38c0] mmal_xsplitter vout display: Drm no go
2025-12-25 18:54:14,607 - INFO - Video playback finished
2025-12-25 18:54:14,695 - INFO - Standby: Showing image, monitoring for 480s (Trigger/Face)...
2025-12-25 18:54:14,695 - INFO - Monitoring standby for 480 seconds (Face Detection Active)...
Stopping Messaging Server (PID 2073)...
/home/magicctree/Desktop/Magic-Tree/run_test.sh: line 91: kill: (2073) - No such process
2025-12-25 19:02:15,072 - INFO - Playing video: /home/magicctree/Desktop/Magic-Tree/assets/standby.mp4
[00007ffef0c97f60] mmal_xsplitter vout display: Try drm
[00007ffef0ca2870] drm_vout generic: <<< OpenDrmVout: I420 1280x738(1280x720 @ 0,0 0/0) or 0, cfg.display: 1280x720, source: 1280x738(1280x720 @ 0,0 1/1) or 0
[00007ffef0ca2870] drm_vout generic error: create_lease failed: Xerror 2
[00007ffef0ca2870] drm_vout generic error: Failed to get xlease
[00007ffef0ca2870] drm_vout generic error: Failed to set atomic cap
[00007ffef0ca2870] drm_vout generic: <<< OpenDrmVout: I420 1280x738(1280x720 @ 0,0 0/0) or 0, cfg.display: 1280x720, source: 1280x738(1280x720 @ 0,0 1/1) or 0
[00007ffef0ca2870] drm_vout generic error: create_lease failed: Xerror 2
[00007ffef0ca2870] drm_vout generic error: Failed to get xlease
[00007ffef0ca2870] drm_vout generic error: Failed to set atomic cap
[00007ffef0c97f60] mmal_xsplitter vout display: Drm no go
2025-12-25 19:02:23,572 - INFO - Video playback finished
2025-12-25 19:02:23,665 - INFO - Standby: Showing image, monitoring for 480s (Trigger/Face)...
2025-12-25 19:02:23,666 - INFO - Monitoring standby for 480 seconds (Face Detection Active)...
2025-12-25 19:10:24,046 - INFO - Playing video: /home/magicctree/Desktop/Magic-Tree/assets/standby.mp4
[00007ffef800a240] mmal_xsplitter vout display: Try drm
[00007ffef80a61e0] drm_vout generic: <<< OpenDrmVout: I420 1280x738(1280x720 @ 0,0 0/0) or 0, cfg.display: 1280x720, source: 1280x738(1280x720 @ 0,0 1/1) or 0
[00007ffef80a61e0] drm_vout generic error: create_lease failed: Xerror 2
[00007ffef80a61e0] drm_vout generic error: Failed to get xlease
[00007ffef80a61e0] drm_vout generic error: Failed to set atomic cap
[00007ffef80a61e0] drm_vout generic: <<< OpenDrmVout: I420 1280x738(1280x720 @ 0,0 0/0) or 0, cfg.display: 1280x720, source: 1280x738(1280x720 @ 0,0 1/1) or 0
[00007ffef80a61e0] drm_vout generic error: create_lease failed: Xerror 2
[00007ffef80a61e0] drm_vout generic error: Failed to get xlease
[00007ffef80a61e0] drm_vout generic error: Failed to set atomic cap
[00007ffef800a240] mmal_xsplitter vout display: Drm no go
2025-12-25 19:10:32,730 - INFO - Video playback finished
2025-12-25 19:10:32,844 - INFO - Standby: Showing image, monitoring for 480s (Trigger/Face)...
2025-12-25 19:10:32,844 - INFO - Monitoring standby for 480 seconds (Face Detection Active)...
